<?xml version="1.0" encoding="UTF-8"?>
<testng-results ignored="0" total="0" passed="0" failed="0" skipped="0">
  <reporter-output>
  </reporter-output>
  <suite started-at="2023-09-24T07:22:46 PDT" name="Default suite" finished-at="2023-09-24T07:22:51 PDT" duration-ms="5115">
    <groups>
    </groups>
    <test started-at="2023-09-24T07:22:46 PDT" name="Default test" finished-at="2023-09-24T07:22:51 PDT" duration-ms="5115">
      <class name="inadevproj.Inadev1">
        <test-method is-config="true" signature="opendriver()[pri:0, instance:inadevproj.Inadev1@5e600dd5]" started-at="2023-09-24T07:22:46 PDT" name="opendriver" finished-at="2023-09-24T07:22:51 PDT" duration-ms="5095" status="PASS">
          <reporter-output>
          </reporter-output>
        </test-method> <!-- opendriver -->
      </class> <!-- inadevproj.Inadev1 -->
    </test> <!-- Default test -->
  </suite> <!-- Default suite -->
</testng-results>
